<?xml version="1.0" encoding="UTF-8"?>
<!-- Generated by org.testng.reporters.JUnitReportReporter -->
<testsuite hostname="DESKTOP-G25F7V2" failures="0" tests="1" name="testcases.Tc_002_Login" time="3.999" errors="0" timestamp="2023-01-29T22:37:38 IST" skipped="0">
  <testcase classname="testcases.Tc_002_Login" name="test_logintest" time="3.999"/>
  <system-out/>
</testsuite> <!-- testcases.Tc_002_Login -->
